#
# There is insufficient memory for the Java Runtime Environment to continue.
# Native memory allocation (mmap) failed to map 67108864 bytes for G1 virtual space
# Possible reasons:
#   The system is out of physical RAM or swap space
#   The process is running with CompressedOops enabled, and the Java Heap may be blocking the growth of the native heap
# Possible solutions:
#   Reduce memory load on the system
#   Increase physical memory or swap space
#   Check if swap backing store is full
#   Decrease Java heap size (-Xmx/-Xms)
#   Decrease number of Java threads
#   Decrease Java thread stack sizes (-Xss)
#   Set larger code cache with -XX:ReservedCodeCacheSize=
#   JVM is running with Unscaled Compressed Oops mode in which the Java heap is
#     placed in the first 4GB address space. The Java Heap base address is the
#     maximum limit for the native heap growth. Please use -XX:HeapBaseMinAddress
#     to set the Java Heap base and to place the Java Heap above 4GB virtual address.
# This output file may be truncated or incomplete.
#
#  Out of Memory Error (os_windows.cpp:3548), pid=20160, tid=8880
#
# JRE version:  (17.0.12+8) (build )
# Java VM: Java HotSpot(TM) 64-Bit Server VM (17.0.12+8-LTS-286, mixed mode, sharing, tiered, compressed oops, compressed class ptrs, g1 gc, windows-amd64)
# No core dump will be written. Minidumps are not enabled by default on client versions of Windows
#

---------------  S U M M A R Y ------------

Command Line: -Xmx64m -Xms64m -Dorg.gradle.appname=gradlew org.gradle.wrapper.GradleWrapperMain cleanBuildCache

Host: 11th Gen Intel(R) Core(TM) i5-11300H @ 3.10GHz, 8 cores, 7G,  Windows 10 , 64 bit Build 19041 (10.0.19041.5915)
Time: Mon Jul  7 12:19:34 2025 Sri Lanka Standard Time elapsed time: 0.062357 seconds (0d 0h 0m 0s)

---------------  T H R E A D  ---------------

Current thread (0x0000028b97650250):  JavaThread "Unknown thread" [_thread_in_vm, id=8880, stack(0x000000b2a6c00000,0x000000b2a6d00000)]

Stack: [0x000000b2a6c00000,0x000000b2a6d00000]
Native frames: (J=compiled Java code, j=interpreted, Vv=VM code, C=native code)
V  [jvm.dll+0x67a04a]
V  [jvm.dll+0x7da4ed]
V  [jvm.dll+0x7dbe33]
V  [jvm.dll+0x7dc4a3]
V  [jvm.dll+0x24508f]
V  [jvm.dll+0x677089]
V  [jvm.dll+0x66bd32]
V  [jvm.dll+0x301fa6]
V  [jvm.dll+0x309546]
V  [jvm.dll+0x359d2e]
V  [jvm.dll+0x359f5f]
V  [jvm.dll+0x2d9078]
V  [jvm.dll+0x2d9fe4]
V  [jvm.dll+0x7aca21]
V  [jvm.dll+0x367591]
V  [jvm.dll+0x78b999]
V  [jvm.dll+0x3ec83f]
V  [jvm.dll+0x3ee471]
C  [jli.dll+0x5297]
C  [ucrtbase.dll+0x21bb2]
C  [KERNEL32.DLL+0x17374]
C  [ntdll.dll+0x4cc91]


---------------  P R O C E S S  ---------------

Threads class SMR info:
_java_thread_list=0x00007ffa50c77a18, length=0, elements={
}

Java Threads: ( => current thread )

Other Threads:
  0x0000028b9766dee0 GCTaskThread "GC Thread#0" [stack: 0x000000b2a6d00000,0x000000b2a6e00000] [id=2132]
  0x0000028b9766f700 ConcurrentGCThread "G1 Main Marker" [stack: 0x000000b2a6e00000,0x000000b2a6f00000] [id=1588]
  0x0000028b976718c0 ConcurrentGCThread "G1 Conc#0" [stack: 0x000000b2a6f00000,0x000000b2a7000000] [id=5956]

[error occurred during error reporting (printing all threads), id 0xc0000005, EXCEPTION_ACCESS_VIOLATION (0xc0000005) at pc=0x00007ffa504a9b67]

VM state: not at safepoint (not fully initialized)

VM Mutex/Monitor currently owned by a thread:  ([mutex/lock_event])
[0x0000028b9764e200] Heap_lock - owner thread: 0x0000028b97650250

Heap address: 0x00000000fc000000, size: 64 MB, Compressed Oops mode: 32-bit

CDS archive(s) mapped at: [0x0000000000000000-0x0000000000000000-0x0000000000000000), size 0, SharedBaseAddress: 0x0000000800000000, ArchiveRelocationMode: 1.
Narrow klass base: 0x0000000000000000, Narrow klass shift: 0, Narrow klass range: 0x0

GC Precious Log:
<Empty>

Heap:
 garbage-first heap   total 0K, used 0K [0x00000000fc000000, 0x0000000100000000)
  region size 1024K, 0 young (0K), 0 survivors (0K)

[error occurred during error reporting (printing heap information), id 0xc0000005, EXCEPTION_ACCESS_VIOLATION (0xc0000005) at pc=0x00007ffa50893859]

GC Heap History (0 events):
No events

Deoptimization events (0 events):
No events

Classes unloaded (0 events):
No events

Classes redefined (0 events):
No events

Internal exceptions (0 events):
No events

VM Operations (0 events):
No events

Events (1 events):
Event: 0.055 Loaded shared library C:\Program Files\Java\jdk-17\bin\java.dll


Dynamic libraries:
0x00007ff6e5070000 - 0x00007ff6e5080000 	C:\Program Files\Java\jdk-17\bin\java.exe
0x00007ffb4b630000 - 0x00007ffb4b828000 	C:\Windows\SYSTEM32\ntdll.dll
0x00007ffb0a0d0000 - 0x00007ffb0a0f0000 	C:\Program Files\Avast Software\Avast\aswhook.dll
0x00007ffb4a9e0000 - 0x00007ffb4aaa2000 	C:\Windows\System32\KERNEL32.DLL
0x00007ffb49160000 - 0x00007ffb49456000 	C:\Windows\System32\KERNELBASE.dll
0x00007ffb49550000 - 0x00007ffb49650000 	C:\Windows\System32\ucrtbase.dll
0x00007ffafde90000 - 0x00007ffafdea9000 	C:\Program Files\Java\jdk-17\bin\jli.dll
0x00007ffb4a920000 - 0x00007ffb4a9d1000 	C:\Windows\System32\ADVAPI32.dll
0x00007ffaf2020000 - 0x00007ffaf203b000 	C:\Program Files\Java\jdk-17\bin\VCRUNTIME140.dll
0x00007ffb4a880000 - 0x00007ffb4a91e000 	C:\Windows\System32\msvcrt.dll
0x00007ffb4acc0000 - 0x00007ffb4ad5f000 	C:\Windows\System32\sechost.dll
0x00007ffb4a750000 - 0x00007ffb4a873000 	C:\Windows\System32\RPCRT4.dll
0x00007ffb49130000 - 0x00007ffb49157000 	C:\Windows\System32\bcrypt.dll
0x00007ffb49800000 - 0x00007ffb4999d000 	C:\Windows\System32\USER32.dll
0x00007ffb48cc0000 - 0x00007ffb48ce2000 	C:\Windows\System32\win32u.dll
0x00007ffb4ac90000 - 0x00007ffb4acbb000 	C:\Windows\System32\GDI32.dll
0x00007ffb48cf0000 - 0x00007ffb48e09000 	C:\Windows\System32\gdi32full.dll
0x00007ffb494b0000 - 0x00007ffb4954d000 	C:\Windows\System32\msvcp_win.dll
0x00007ffb30da0000 - 0x00007ffb3103a000 	C:\Windows\WinSxS\amd64_microsoft.windows.common-controls_6595b64144ccf1df_6.0.19041.5915_none_60b4b9d171f9c7c7\COMCTL32.dll
0x00007ffb3e2b0000 - 0x00007ffb3e2ba000 	C:\Windows\SYSTEM32\VERSION.dll
0x00007ffb4b290000 - 0x00007ffb4b2bf000 	C:\Windows\System32\IMM32.DLL
0x00007ffb0f890000 - 0x00007ffb0f89c000 	C:\Program Files\Java\jdk-17\bin\vcruntime140_1.dll
0x00007ffa9ff00000 - 0x00007ffa9ff8e000 	C:\Program Files\Java\jdk-17\bin\msvcp140.dll
0x00007ffa501c0000 - 0x00007ffa50da0000 	C:\Program Files\Java\jdk-17\bin\server\jvm.dll
0x00007ffb4a730000 - 0x00007ffb4a738000 	C:\Windows\System32\PSAPI.DLL
0x00007ffb39d50000 - 0x00007ffb39d77000 	C:\Windows\SYSTEM32\WINMM.dll
0x00007ffb2dd80000 - 0x00007ffb2dd89000 	C:\Windows\SYSTEM32\WSOCK32.dll
0x00007ffb4b4d0000 - 0x00007ffb4b53b000 	C:\Windows\System32\WS2_32.dll
0x00007ffb474b0000 - 0x00007ffb474c2000 	C:\Windows\SYSTEM32\kernel.appcore.dll
0x00007ffb0f860000 - 0x00007ffb0f86a000 	C:\Program Files\Java\jdk-17\bin\jimage.dll
0x00007ffb46a00000 - 0x00007ffb46c01000 	C:\Windows\SYSTEM32\DBGHELP.DLL
0x00007ffb3e040000 - 0x00007ffb3e074000 	C:\Windows\SYSTEM32\dbgcore.DLL
0x00007ffb48e10000 - 0x00007ffb48e92000 	C:\Windows\System32\bcryptPrimitives.dll
0x00007ffae5eb0000 - 0x00007ffae5ed5000 	C:\Program Files\Java\jdk-17\bin\java.dll

dbghelp: loaded successfully - version: 4.0.5 - missing functions: none
symbol engine: initialized successfully - sym options: 0x614 - pdb path: .;C:\Program Files\Java\jdk-17\bin;C:\Windows\SYSTEM32;C:\Program Files\Avast Software\Avast;C:\Windows\WinSxS\amd64_microsoft.windows.common-controls_6595b64144ccf1df_6.0.19041.5915_none_60b4b9d171f9c7c7;C:\Program Files\Java\jdk-17\bin\server

VM Arguments:
jvm_args: -Xmx64m -Xms64m -Dorg.gradle.appname=gradlew 
java_command: org.gradle.wrapper.GradleWrapperMain cleanBuildCache
java_class_path (initial): E:\tuition-management-app\\gradle\wrapper\gradle-wrapper.jar
Launcher Type: SUN_STANDARD

[Global flags]
     intx CICompilerCount                          = 4                                         {product} {ergonomic}
     uint ConcGCThreads                            = 2                                         {product} {ergonomic}
     uint G1ConcRefinementThreads                  = 8                                         {product} {ergonomic}
   size_t G1HeapRegionSize                         = 1048576                                   {product} {ergonomic}
    uintx GCDrainStackTargetSize                   = 64                                        {product} {ergonomic}
   size_t InitialHeapSize                          = 67108864                                  {product} {command line}
   size_t MarkStackSize                            = 4194304                                   {product} {ergonomic}
   size_t MaxHeapSize                              = 67108864                                  {product} {command line}
   size_t MinHeapDeltaBytes                        = 1048576                                   {product} {ergonomic}
   size_t MinHeapSize                              = 67108864                                  {product} {command line}
    uintx NonNMethodCodeHeapSize                   = 5839372                                {pd product} {ergonomic}
    uintx NonProfiledCodeHeapSize                  = 122909434                              {pd product} {ergonomic}
    uintx ProfiledCodeHeapSize                     = 122909434                              {pd product} {ergonomic}
    uintx ReservedCodeCacheSize                    = 251658240                              {pd product} {ergonomic}
     bool SegmentedCodeCache                       = true                                      {product} {ergonomic}
   size_t SoftMaxHeapSize                          = 67108864                               {manageable} {ergonomic}
     bool UseCompressedClassPointers               = true                           {product lp64_product} {ergonomic}
     bool UseCompressedOops                        = true                           {product lp64_product} {ergonomic}
     bool UseG1GC                                  = true                                      {product} {ergonomic}
     bool UseLargePagesIndividualAllocation        = false                                  {pd product} {ergonomic}

Logging:
Log output configuration:
 #0: stdout all=warning uptime,level,tags
 #1: stderr all=off uptime,level,tags

Environment Variables:
JAVA_HOME=C:\Program Files\Java\jdk-17
CLASSPATH=E:\tuition-management-app\\gradle\wrapper\gradle-wrapper.jar
PATH=E:\21c\dbhomeXE\bin;C:\Program Files\Java\jdk-17\bin;C:\Windows\system32;C:\Windows;C:\Windows\System32\Wbem;C:\Windows\System32\WindowsPowerShell\v1.0\;C:\Windows\System32\OpenSSH\;C:\Program Files\dotnet\;D:\sqlite-tools-win32-x86-3390200;C:\curl\curl-8.0.1_9-win64-mingw\curl-8.0.1_9-win64-mingw\bin;C:\Program Files\MySQL\MySQL Server 8.0\bin;C:\Program Files\MySQL\MySQL Server 8.0\bin;C:\Program Files\Java\jdk-21\bin;C:\Program Files\Azure Data Studio\bin;C:\Program Files (x86)\Microsoft SQL Server\160\Tools\Binn\;C:\Program Files\Microsoft SQL Server\160\Tools\Binn\;C:\Program Files\Microsoft SQL Server\Client SDK\ODBC\170\Tools\Binn\;C:\Program Files\Microsoft SQL Server\160\DTS\Binn\;C:\Program Files\nodejs\;D:\server\php;D:\PuTTY\;C:\composer;C:\Program Files\Git\cmd;C:\Program Files\apache-maven-3.9.9-bin\apache-maven-3.9.9\bin;C:\Program Files\apache-tomcat-9.0.99-windows-x64\apache-tomcat-9.0.99\bin;E:\oracle\instantclient_21_17;E:\mongodb-windows-x86_64-8.0.8\mongodb-win32-x86_64-windows-8.0.8\bin;C:\Program Files\MySQL\MySQL Shell 8.0\bin\;C:\Users\milin\.cargo\bin;C:\Users\milin\AppData\Local\Programs\Python\Python310\Scripts\;C:\Users\milin\AppData\Local\Programs\Python\Python310\;C:\Users\milin\AppData\Local\Microsoft\WindowsApps;D:\Microsoft VS Code\bin;C:\Users\milin\AppData\Local\GitHubDesktop\bin;C:\MinGW\bin;C:\Program Files\Azure Data Studio\bin;C:\Users\milin\.dotnet\tools;C:\Users\milin\AppData\Roaming\npm;D:\IntelliJ IDEA 2024.1.4\bin;;C:\Users\milin\AppData\Roaming\Composer\vendor\bin;E:\IntelliJ IDEA Community Edition 2024.2.5\bin;
USERNAME=milin
OS=Windows_NT
PROCESSOR_IDENTIFIER=Intel64 Family 6 Model 140 Stepping 1, GenuineIntel



---------------  S Y S T E M  ---------------

OS:
 Windows 10 , 64 bit Build 19041 (10.0.19041.5915)
OS uptime: 0 days 0:59 hours
Hyper-V role detected

CPU: total 8 (initial active 8) (4 cores per cpu, 2 threads per core) family 6 model 140 stepping 1 microcode 0xbc, cx8, cmov, fxsr, ht, mmx, 3dnowpref, sse, sse2, sse3, ssse3, sse4.1, sse4.2, popcnt, lzcnt, tsc, tscinvbit, avx, avx2, aes, erms, clmul, bmi1, bmi2, adx, avx512f, avx512dq, avx512cd, avx512bw, avx512vl, sha, fma, vzeroupper, avx512_vpopcntdq, avx512_vpclmulqdq, avx512_vaes, avx512_vnni, clflush, clflushopt, clwb, avx512_vbmi2, avx512_vbmi, hv

Memory: 4k page, system-wide physical 7930M (475M free)
TotalPageFile size 19033M (AvailPageFile size 34M)
current process WorkingSet (physical memory assigned to process): 10M, peak: 10M
current process commit charge ("private bytes"): 59M, peak: 123M

vm_info: Java HotSpot(TM) 64-Bit Server VM (17.0.12+8-LTS-286) for windows-amd64 JRE (17.0.12+8-LTS-286), built on Jun  5 2024 06:46:59 by "mach5one" with MS VC++ 17.6 (VS2022)

END.
